/*C1*/SET SCHEMA PUBLIC
CONNECT USER SA
create table album (id bigint generated by default as identity (start with 1), version bigint not null, beschreibung varchar(255) not null, date_created timestamp not null, name varchar(255) not null, sichtbar bit not null, primary key (id))
create table bild (id bigint generated by default as identity (start with 1), version bigint not null, album_id bigint not null, base_name varchar(255) not null, bild_unterschrift varchar(255), date_created timestamp not null, titel_bild bit not null, primary key (id))
create table bild_kommentare (id bigint generated by default as identity (start with 1), version bigint not null, primary key (id))
create table blog_item (id bigint generated by default as identity (start with 1), version bigint not null, inhalt varchar(255), titel varchar(255), class varchar(255) not null, date_created timestamp, verfasser_id bigint, post_id bigint, verfasser varchar(255), primary key (id))
create table jsec_permission (id bigint generated by default as identity (start with 1), version bigint not null, possible_actions varchar(255) not null, type varchar(255) not null, primary key (id), unique (type))
create table jsec_role (id bigint generated by default as identity (start with 1), version bigint not null, name varchar(255) not null, primary key (id), unique (name))
create table jsec_role_permission_rel (id bigint generated by default as identity (start with 1), version bigint not null, actions varchar(255) not null, permission_id bigint not null, role_id bigint not null, target varchar(255) not null, primary key (id))
create table jsec_user (id bigint generated by default as identity (start with 1), version bigint not null, password_hash varchar(255) not null, sex varchar(255) not null, username varchar(255) not null, primary key (id))
create table jsec_user_permission_rel (id bigint generated by default as identity (start with 1), version bigint not null, actions varchar(255) not null, permission_id bigint not null, target varchar(255), user_id bigint not null, primary key (id))
create table jsec_user_role_rel (id bigint generated by default as identity (start with 1), version bigint not null, role_id bigint not null, user_id bigint not null, primary key (id))
alter table bild add constraint FK2E23FFA8EDBD2A foreign key (album_id) references album
alter table blog_item add constraint FK3A347990C3E9DEA foreign key (post_id) references blog_item
alter table blog_item add constraint FK3A347990B33BCA71 foreign key (verfasser_id) references jsec_user
alter table jsec_role_permission_rel add constraint FK6DF5807AF5762271 foreign key (role_id) references jsec_role
alter table jsec_role_permission_rel add constraint FK6DF5807A31890291 foreign key (permission_id) references jsec_permission
alter table jsec_user_permission_rel add constraint FK28FF608531890291 foreign key (permission_id) references jsec_permission
alter table jsec_user_permission_rel add constraint FK28FF60859AA0E651 foreign key (user_id) references jsec_user
alter table jsec_user_role_rel add constraint FK238F64ACF5762271 foreign key (role_id) references jsec_role
alter table jsec_user_role_rel add constraint FK238F64AC9AA0E651 foreign key (user_id) references jsec_user
INSERT INTO JSEC_ROLE VALUES(1,0,'Administrator')
INSERT INTO JSEC_USER VALUES(1,0,'8e8867fd0507cb45a37d36641967e1118170814c','MALE','Markus')
INSERT INTO JSEC_USER VALUES(2,0,'343badb5a41176863b0ab108ea03c4395253b3f3','FEMALE','Claudi')
INSERT INTO JSEC_USER_ROLE_REL VALUES(1,0,1,1)
INSERT INTO JSEC_USER_ROLE_REL VALUES(2,0,1,2)
INSERT INTO BLOG_ITEM VALUES(1,0,'Hier werden wir die n\u00e4chsten drei Wochen \u00fcber unseren USA-Urlaub berichten und unsere\u000a\u0009\u0009\u0009\u0009\u0009\u0009Urlaubsfotos einstellen. <br/><br/>Viel Spa\u00df beim Lesen, Anschauen und Kommentieren! :-)','Willkommen zu unserem USA Blog','de.webmpuls.blog.Post','2009-08-13 22:16:12.895000000',1,NULL,NULL)
